<?xml version="1.0" encoding="UTF-8"?>
<testsuite name="com.ddangme.board.BoardApplicationTests" tests="1" skipped="0" failures="0" errors="0" timestamp="2024-01-14T04:11:15" hostname="ddang-me.local" time="0.451">
  <properties/>
  <testcase name="contextLoads()" classname="com.ddangme.board.BoardApplicationTests" time="0.451"/>
  <system-out><![CDATA[13:11:12.813 [Test worker] DEBUG org.springframework.test.context.BootstrapUtils - Instantiating CacheAwareContextLoaderDelegate from class [org.springframework.test.context.cache.DefaultCacheAwareContextLoaderDelegate]
13:11:12.829 [Test worker] DEBUG org.springframework.test.context.BootstrapUtils - Instantiating BootstrapContext using constructor [public org.springframework.test.context.support.DefaultBootstrapContext(java.lang.Class,org.springframework.test.context.CacheAwareContextLoaderDelegate)]
13:11:12.907 [Test worker] DEBUG org.springframework.test.context.BootstrapUtils - Instantiating TestContextBootstrapper for test class [com.ddangme.board.BoardApplicationTests] from class [org.springframework.boot.test.context.SpringBootTestContextBootstrapper]
13:11:12.921 [Test worker] INFO org.springframework.boot.test.context.SpringBootTestContextBootstrapper - Neither @ContextConfiguration nor @ContextHierarchy found for test class [com.ddangme.board.BoardApplicationTests], using SpringBootContextLoader
13:11:12.925 [Test worker] DEBUG org.springframework.test.context.support.AbstractContextLoader - Did not detect default resource location for test class [com.ddangme.board.BoardApplicationTests]: class path resource [com/ddangme/board/BoardApplicationTests-context.xml] does not exist
13:11:12.925 [Test worker] DEBUG org.springframework.test.context.support.AbstractContextLoader - Did not detect default resource location for test class [com.ddangme.board.BoardApplicationTests]: class path resource [com/ddangme/board/BoardApplicationTestsContext.groovy] does not exist
13:11:12.925 [Test worker] INFO org.springframework.test.context.support.AbstractContextLoader - Could not detect default resource locations for test class [com.ddangme.board.BoardApplicationTests]: no resource found for suffixes {-context.xml, Context.groovy}.
13:11:12.926 [Test worker] INFO org.springframework.test.context.support.AnnotationConfigContextLoaderUtils - Could not detect default configuration classes for test class [com.ddangme.board.BoardApplicationTests]: BoardApplicationTests does not declare any static, non-private, non-final, nested classes annotated with @Configuration.
13:11:12.975 [Test worker] DEBUG org.springframework.test.context.support.ActiveProfilesUtils - Could not find an 'annotation declaring class' for annotation type [org.springframework.test.context.ActiveProfiles] and class [com.ddangme.board.BoardApplicationTests]
13:11:13.038 [Test worker] DEBUG org.springframework.context.annotation.ClassPathScanningCandidateComponentProvider - Identified candidate component class: file [/Users/ddang_me/FastCampus/part2/board/build/classes/java/main/com/ddangme/board/BoardApplication.class]
13:11:13.039 [Test worker] INFO org.springframework.boot.test.context.SpringBootTestContextBootstrapper - Found @SpringBootConfiguration com.ddangme.board.BoardApplication for test class com.ddangme.board.BoardApplicationTests
13:11:13.138 [Test worker] DEBUG org.springframework.boot.test.context.SpringBootTestContextBootstrapper - @TestExecutionListeners is not present for class [com.ddangme.board.BoardApplicationTests]: using defaults.
13:11:13.139 [Test worker] INFO org.springframework.boot.test.context.SpringBootTestContextBootstrapper - Loaded default TestExecutionListener class names from location [META-INF/spring.factories]: [org.springframework.boot.test.autoconfigure.restdocs.RestDocsTestExecutionListener, org.springframework.boot.test.autoconfigure.web.client.MockRestServiceServerResetTestExecutionListener, org.springframework.boot.test.autoconfigure.web.servlet.MockMvcPrintOnlyOnFailureTestExecutionListener, org.springframework.boot.test.autoconfigure.web.servlet.WebDriverTestExecutionListener, org.springframework.boot.test.autoconfigure.webservices.client.MockWebServiceServerTestExecutionListener, org.springframework.boot.test.mock.mockito.MockitoTestExecutionListener, org.springframework.boot.test.mock.mockito.ResetMocksTestExecutionListener, org.springframework.test.context.web.ServletTestExecutionListener, org.springframework.test.context.support.DirtiesContextBeforeModesTestExecutionListener, org.springframework.test.context.event.ApplicationEventsTestExecutionListener, org.springframework.test.context.support.DependencyInjectionTestExecutionListener, org.springframework.test.context.support.DirtiesContextTestExecutionListener, org.springframework.test.context.transaction.TransactionalTestExecutionListener, org.springframework.test.context.jdbc.SqlScriptsTestExecutionListener, org.springframework.test.context.event.EventPublishingTestExecutionListener]
13:11:13.159 [Test worker] DEBUG org.springframework.boot.test.context.SpringBootTestContextBootstrapper - Skipping candidate TestExecutionListener [org.springframework.test.context.transaction.TransactionalTestExecutionListener] due to a missing dependency. Specify custom listener classes or make the default listener classes and their required dependencies available. Offending class: [org/springframework/transaction/interceptor/TransactionAttributeSource]
13:11:13.160 [Test worker] DEBUG org.springframework.boot.test.context.SpringBootTestContextBootstrapper - Skipping candidate TestExecutionListener [org.springframework.test.context.jdbc.SqlScriptsTestExecutionListener] due to a missing dependency. Specify custom listener classes or make the default listener classes and their required dependencies available. Offending class: [org/springframework/transaction/interceptor/TransactionAttribute]
13:11:13.161 [Test worker] INFO org.springframework.boot.test.context.SpringBootTestContextBootstrapper - Using TestExecutionListeners: [org.springframework.test.context.web.ServletTestExecutionListener@dcfda20, org.springframework.test.context.support.DirtiesContextBeforeModesTestExecutionListener@6d304f9d, org.springframework.test.context.event.ApplicationEventsTestExecutionListener@f73dcd6, org.springframework.boot.test.mock.mockito.MockitoTestExecutionListener@5c87bfe2, org.springframework.boot.test.autoconfigure.SpringBootDependencyInjectionTestExecutionListener@2fea7088, org.springframework.test.context.support.DirtiesContextTestExecutionListener@40499e4f, org.springframework.test.context.event.EventPublishingTestExecutionListener@51cd7ffc, org.springframework.boot.test.autoconfigure.restdocs.RestDocsTestExecutionListener@30d4b288, org.springframework.boot.test.autoconfigure.web.client.MockRestServiceServerResetTestExecutionListener@4cc6fa2a, org.springframework.boot.test.autoconfigure.web.servlet.MockMvcPrintOnlyOnFailureTestExecutionListener@40f1be1b, org.springframework.boot.test.autoconfigure.web.servlet.WebDriverTestExecutionListener@7a791b66, org.springframework.boot.test.autoconfigure.webservices.client.MockWebServiceServerTestExecutionListener@6f2cb653, org.springframework.boot.test.mock.mockito.ResetMocksTestExecutionListener@14c01636]
13:11:13.167 [Test worker] DEBUG org.springframework.test.context.support.AbstractDirtiesContextTestExecutionListener - Before test class: context [DefaultTestContext@160ac7fb testClass = BoardApplicationTests, testInstance = [null], testMethod = [null], testException = [null], mergedContextConfiguration = [WebMergedContextConfiguration@12bfd80d testClass = BoardApplicationTests, locations = '{}', classes = '{class com.ddangme.board.BoardApplication}', contextInitializerClasses = '[]', activeProfiles = '{}', propertySourceLocations = '{}', propertySourceProperties = '{org.springframework.boot.test.context.SpringBootTestContextBootstrapper=true}', contextCustomizers = set[org.springframework.boot.test.autoconfigure.actuate.metrics.MetricsExportContextCustomizerFactory$DisableMetricExportContextCustomizer@46b61c56, org.springframework.boot.test.autoconfigure.properties.PropertyMappingContextCustomizer@0, org.springframework.boot.test.autoconfigure.web.servlet.WebDriverContextCustomizerFactory$Customizer@7a220c9a, org.springframework.boot.test.context.filter.ExcludeFilterContextCustomizer@21ba0741, org.springframework.boot.test.json.DuplicateJsonObjectContextCustomizerFactory$DuplicateJsonObjectContextCustomizer@b4711e2, org.springframework.boot.test.mock.mockito.MockitoContextCustomizer@0, org.springframework.boot.test.web.client.TestRestTemplateContextCustomizer@558bdf1f, org.springframework.boot.test.context.SpringBootTestArgs@1, org.springframework.boot.test.context.SpringBootTestWebEnvironment@31f9b85e], resourceBasePath = 'src/main/webapp', contextLoader = 'org.springframework.boot.test.context.SpringBootContextLoader', parent = [null]], attributes = map['org.springframework.test.context.web.ServletTestExecutionListener.activateListener' -> true]], class annotated with @DirtiesContext [false] with mode [null].

  .   ____          _            __ _ _
 /\\ / ___'_ __ _ _(_)_ __  __ _ \ \ \ \
( ( )\___ | '_ | '_| | '_ \/ _` | \ \ \ \
 \\/  ___)| |_)| | | | | || (_| |  ) ) ) )
  '  |____| .__|_| |_|_| |_\__, | / / / /
 =========|_|==============|___/=/_/_/_/
 :: Spring Boot ::                (v2.7.0)

2024-01-14 13:11:13.526  INFO 19099 --- [    Test worker] com.ddangme.board.BoardApplicationTests  : Starting BoardApplicationTests using Java 17.0.6 on ddang-me.local with PID 19099 (started by ddang_me in /Users/ddang_me/FastCampus/part2/board)
2024-01-14 13:11:13.527  INFO 19099 --- [    Test worker] com.ddangme.board.BoardApplicationTests  : No active profile set, falling back to 1 default profile: "default"
2024-01-14 13:11:15.351  INFO 19099 --- [    Test worker] o.s.b.a.e.web.EndpointLinksResolver      : Exposing 1 endpoint(s) beneath base path '/actuator'
2024-01-14 13:11:15.410  INFO 19099 --- [    Test worker] com.ddangme.board.BoardApplicationTests  : Started BoardApplicationTests in 2.184 seconds (JVM running for 3.706)
]]></system-out>
  <system-err><![CDATA[]]></system-err>
</testsuite>
